<?xml version="1.0" encoding="UTF-8"?>
<!-- Generated by org.testng.reporters.JUnitReportReporter -->
<testsuite hostname="KPS" failures="0" tests="1" name="orangeHRM.OrangeHRM_Login_PF" time="5.246" errors="0" timestamp="2024-07-16T17:05:54 EDT" skipped="0">
  <testcase classname="orangeHRM.OrangeHRM_Login_PF" name="Login" time="5.246"/>
  <system-out/>
</testsuite> <!-- orangeHRM.OrangeHRM_Login_PF -->
